<?xml version="1.0" encoding="UTF-8"?>
<!-- Generated by org.testng.reporters.JUnitReportReporter -->
<testsuite hostname="Lenovo-PC" name="testcases.ebay.EbayTest" tests="3" failures="0" timestamp="22 Feb 2018 04:56:58 GMT" time="87.755" errors="0">
  <testcase name="SwipeScroll" time="4.723" classname="testcases.ebay.EbayTest"/>
  <testcase name="login" time="35.545" classname="testcases.ebay.EbayTest"/>
  <testcase name="Shopping" time="47.487" classname="testcases.ebay.EbayTest"/>
</testsuite> <!-- testcases.ebay.EbayTest -->
